==60969== Memcheck, a memory error detector
==60969== Copyright (C) 2002-2017, and GNU GPL'd, by Julian Seward et al.
==60969== Using Valgrind-3.18.1 and LibVEX; rerun with -h for copyright info
==60969== Command: ./minishell
==60969== Parent PID: 60968
==60969== 
==60969== 
==60969== HEAP SUMMARY:
==60969==     in use at exit: 208,244 bytes in 225 blocks
==60969==   total heap usage: 717 allocs, 492 frees, 235,820 bytes allocated
==60969== 
==60969== LEAK SUMMARY:
==60969==    definitely lost: 0 bytes in 0 blocks
==60969==    indirectly lost: 0 bytes in 0 blocks
==60969==      possibly lost: 0 bytes in 0 blocks
==60969==    still reachable: 0 bytes in 0 blocks
==60969==         suppressed: 208,244 bytes in 225 blocks
==60969== 
==60969== ERROR SUMMARY: 0 errors from 0 contexts (suppressed: 0 from 0)
--60969-- 
--60969-- used_suppression:     62 <Readline> readline.supp:2 suppressed: 204,167 bytes in 221 blocks
--60969-- used_suppression:      4 <Readline/AddHistory> readline.supp:10 suppressed: 4,077 bytes in 4 blocks
==60969== 
==60969== ERROR SUMMARY: 0 errors from 0 contexts (suppressed: 0 from 0)
