==42293== Memcheck, a memory error detector
==42293== Copyright (C) 2002-2017, and GNU GPL'd, by Julian Seward et al.
==42293== Using Valgrind-3.18.1 and LibVEX; rerun with -h for copyright info
==42293== Command: ./minishell
==42293== Parent PID: 42292
==42293== 
==42293== 
==42293== HEAP SUMMARY:
==42293==     in use at exit: 208,343 bytes in 229 blocks
==42293==   total heap usage: 733 allocs, 504 frees, 275,505 bytes allocated
==42293== 
==42293== 9 bytes in 1 blocks are indirectly lost in loss record 3 of 68
==42293==    at 0x4848899: malloc (in /usr/libexec/valgrind/vgpreload_memcheck-amd64-linux.so)
==42293==    by 0x407DE4: ft_strdup (ft_strdup.c:20)
==42293==    by 0x404C39: create_redirect_node (redirects.c:36)
==42293==    by 0x404D64: extract_redirect (redirects.c:68)
==42293==    by 0x404DC8: append_redirect (redirects.c:84)
==42293==    by 0x404FD0: extract_red_and_args (redirects.c:141)
==42293==    by 0x40476E: parse_command (parser.c:44)
==42293==    by 0x404B6E: parse_pipe (parser.c:91)
==42293==    by 0x4077D6: parser (main.c:105)
==42293==    by 0x407714: process_line (main.c:90)
==42293==    by 0x4076BE: shell_loop (main.c:81)
==42293==    by 0x4075BC: run_shell (main.c:56)
==42293== 
==42293== 41 (32 direct, 9 indirect) bytes in 1 blocks are definitely lost in loss record 16 of 68
==42293==    at 0x4848899: malloc (in /usr/libexec/valgrind/vgpreload_memcheck-amd64-linux.so)
==42293==    by 0x404C0B: create_redirect_node (redirects.c:32)
==42293==    by 0x404D64: extract_redirect (redirects.c:68)
==42293==    by 0x404DC8: append_redirect (redirects.c:84)
==42293==    by 0x404FD0: extract_red_and_args (redirects.c:141)
==42293==    by 0x40476E: parse_command (parser.c:44)
==42293==    by 0x404B6E: parse_pipe (parser.c:91)
==42293==    by 0x4077D6: parser (main.c:105)
==42293==    by 0x407714: process_line (main.c:90)
==42293==    by 0x4076BE: shell_loop (main.c:81)
==42293==    by 0x4075BC: run_shell (main.c:56)
==42293==    by 0x407564: main (main.c:41)
==42293== 
==42293== LEAK SUMMARY:
==42293==    definitely lost: 32 bytes in 1 blocks
==42293==    indirectly lost: 9 bytes in 1 blocks
==42293==      possibly lost: 0 bytes in 0 blocks
==42293==    still reachable: 0 bytes in 0 blocks
==42293==         suppressed: 208,302 bytes in 227 blocks
==42293== 
==42293== ERROR SUMMARY: 1 errors from 1 contexts (suppressed: 0 from 0)
--42293-- 
--42293-- used_suppression:     62 <Readline> readline.supp:2 suppressed: 204,197 bytes in 221 blocks
--42293-- used_suppression:      4 <Readline/AddHistory> readline.supp:10 suppressed: 4,105 bytes in 6 blocks
==42293== 
==42293== ERROR SUMMARY: 1 errors from 1 contexts (suppressed: 0 from 0)


➜  4_Minishell git:(develop) ✗ make valgrind
tchernia:~$ cat < Makefile >
minishel: syntax error near unexpected token `newline'
tchernia:~$ 
exit
