==66585== Memcheck, a memory error detector
==66585== Copyright (C) 2002-2017, and GNU GPL'd, by Julian Seward et al.
==66585== Using Valgrind-3.18.1 and LibVEX; rerun with -h for copyright info
==66585== Command: ./minishell
==66585== Parent PID: 66581
==66585== 
==66621== 
==66621== HEAP SUMMARY:
==66621==     in use at exit: 208,224 bytes in 225 blocks
==66621==   total heap usage: 790 allocs, 565 frees, 240,666 bytes allocated
==66621== 
==66621== LEAK SUMMARY:
==66621==    definitely lost: 0 bytes in 0 blocks
==66621==    indirectly lost: 0 bytes in 0 blocks
==66621==      possibly lost: 0 bytes in 0 blocks
==66621==    still reachable: 0 bytes in 0 blocks
==66621==         suppressed: 208,224 bytes in 225 blocks
==66621== 
==66621== ERROR SUMMARY: 0 errors from 0 contexts (suppressed: 0 from 0)
--66621-- 
--66621-- used_suppression:     62 <Readline> readline.supp:2 suppressed: 204,167 bytes in 221 blocks
--66621-- used_suppression:      4 <Readline/AddHistory> readline.supp:10 suppressed: 4,057 bytes in 4 blocks
==66621== 
==66621== ERROR SUMMARY: 0 errors from 0 contexts (suppressed: 0 from 0)
==66648== 
==66648== HEAP SUMMARY:
==66648==     in use at exit: 208,272 bytes in 228 blocks
==66648==   total heap usage: 834 allocs, 606 frees, 275,737 bytes allocated
==66648== 
==66648== LEAK SUMMARY:
==66648==    definitely lost: 0 bytes in 0 blocks
==66648==    indirectly lost: 0 bytes in 0 blocks
==66648==      possibly lost: 0 bytes in 0 blocks
==66648==    still reachable: 0 bytes in 0 blocks
==66648==         suppressed: 208,272 bytes in 228 blocks
==66648== 
==66648== ERROR SUMMARY: 0 errors from 0 contexts (suppressed: 0 from 0)
--66648-- 
--66648-- used_suppression:     62 <Readline> readline.supp:2 suppressed: 204,167 bytes in 221 blocks
--66648-- used_suppression:      4 <Readline/AddHistory> readline.supp:10 suppressed: 4,105 bytes in 7 blocks
==66648== 
==66648== ERROR SUMMARY: 0 errors from 0 contexts (suppressed: 0 from 0)
==66695== 
==66695== HEAP SUMMARY:
==66695==     in use at exit: 208,314 bytes in 231 blocks
==66695==   total heap usage: 857 allocs, 626 frees, 276,133 bytes allocated
==66695== 
==66695== LEAK SUMMARY:
==66695==    definitely lost: 0 bytes in 0 blocks
==66695==    indirectly lost: 0 bytes in 0 blocks
==66695==      possibly lost: 0 bytes in 0 blocks
==66695==    still reachable: 0 bytes in 0 blocks
==66695==         suppressed: 208,314 bytes in 231 blocks
==66695== 
==66695== ERROR SUMMARY: 0 errors from 0 contexts (suppressed: 0 from 0)
--66695-- 
--66695-- used_suppression:     62 <Readline> readline.supp:2 suppressed: 204,167 bytes in 221 blocks
--66695-- used_suppression:      4 <Readline/AddHistory> readline.supp:10 suppressed: 4,147 bytes in 10 blocks
==66695== 
==66695== ERROR SUMMARY: 0 errors from 0 contexts (suppressed: 0 from 0)
==66585== 
==66585== HEAP SUMMARY:
==66585==     in use at exit: 208,314 bytes in 231 blocks
==66585==   total heap usage: 765 allocs, 534 frees, 269,503 bytes allocated
==66585== 
==66585== LEAK SUMMARY:
==66585==    definitely lost: 0 bytes in 0 blocks
==66585==    indirectly lost: 0 bytes in 0 blocks
==66585==      possibly lost: 0 bytes in 0 blocks
==66585==    still reachable: 0 bytes in 0 blocks
==66585==         suppressed: 208,314 bytes in 231 blocks
==66585== 
==66585== ERROR SUMMARY: 0 errors from 0 contexts (suppressed: 0 from 0)
--66585-- 
--66585-- used_suppression:     62 <Readline> readline.supp:2 suppressed: 204,167 bytes in 221 blocks
--66585-- used_suppression:      4 <Readline/AddHistory> readline.supp:10 suppressed: 4,147 bytes in 10 blocks
==66585== 
==66585== ERROR SUMMARY: 0 errors from 0 contexts (suppressed: 0 from 0)
