==42021== Memcheck, a memory error detector
==42021== Copyright (C) 2002-2017, and GNU GPL'd, by Julian Seward et al.
==42021== Using Valgrind-3.18.1 and LibVEX; rerun with -h for copyright info
==42021== Command: ./minishell
==42021== Parent PID: 42020
==42021== 
==42041== 
==42041== HEAP SUMMARY:
==42041==     in use at exit: 212,948 bytes in 306 blocks
==42041==   total heap usage: 780 allocs, 474 frees, 248,169 bytes allocated
==42041== 
==42041== 648 bytes in 1 blocks are still reachable in loss record 28 of 68
==42041==    at 0x4848899: malloc (in /usr/libexec/valgrind/vgpreload_memcheck-amd64-linux.so)
==42041==    by 0x407C2E: ft_calloc (ft_calloc.c:22)
==42041==    by 0x405CC1: env_to_arr (exe_utils.c:39)
==42041==    by 0x406EFD: run_external (run_external.c:27)
==42041==    by 0x405B24: run_cmd (executor.c:44)
==42041==    by 0x405955: run_ast (executor.c:29)
==42041==    by 0x4058DC: executor (executor.c:17)
==42041==    by 0x407620: process_line (rewrite_main.c:90)
==42041==    by 0x40755F: shell_loop (rewrite_main.c:74)
==42041==    by 0x40749C: run_shell (rewrite_main.c:54)
==42041==    by 0x40744B: main (rewrite_main.c:40)
==42041== 
==42041== 4,074 bytes in 80 blocks are still reachable in loss record 46 of 68
==42041==    at 0x4848899: malloc (in /usr/libexec/valgrind/vgpreload_memcheck-amd64-linux.so)
==42041==    by 0x407C2E: ft_calloc (ft_calloc.c:22)
==42041==    by 0x405DEC: to_str (exe_utils.c:21)
==42041==    by 0x405D1A: env_to_arr (exe_utils.c:49)
==42041==    by 0x406EFD: run_external (run_external.c:27)
==42041==    by 0x405B24: run_cmd (executor.c:44)
==42041==    by 0x405955: run_ast (executor.c:29)
==42041==    by 0x4058DC: executor (executor.c:17)
==42041==    by 0x407620: process_line (rewrite_main.c:90)
==42041==    by 0x40755F: shell_loop (rewrite_main.c:74)
==42041==    by 0x40749C: run_shell (rewrite_main.c:54)
==42041==    by 0x40744B: main (rewrite_main.c:40)
==42041== 
==42041== LEAK SUMMARY:
==42041==    definitely lost: 0 bytes in 0 blocks
==42041==    indirectly lost: 0 bytes in 0 blocks
==42041==      possibly lost: 0 bytes in 0 blocks
==42041==    still reachable: 4,722 bytes in 81 blocks
==42041==         suppressed: 208,226 bytes in 225 blocks
==42041== 
==42041== ERROR SUMMARY: 0 errors from 0 contexts (suppressed: 0 from 0)
--42041-- 
--42041-- used_suppression:     62 <Readline> readline.supp:2 suppressed: 204,167 bytes in 221 blocks
--42041-- used_suppression:      4 <Readline/AddHistory> readline.supp:10 suppressed: 4,059 bytes in 4 blocks
==42041== 
==42041== ERROR SUMMARY: 0 errors from 0 contexts (suppressed: 0 from 0)
==42021== 
==42021== HEAP SUMMARY:
==42021==     in use at exit: 208,226 bytes in 225 blocks
==42021==   total heap usage: 702 allocs, 477 frees, 242,007 bytes allocated
==42021== 
==42021== LEAK SUMMARY:
==42021==    definitely lost: 0 bytes in 0 blocks
==42021==    indirectly lost: 0 bytes in 0 blocks
==42021==      possibly lost: 0 bytes in 0 blocks
==42021==    still reachable: 0 bytes in 0 blocks
==42021==         suppressed: 208,226 bytes in 225 blocks
==42021== 
==42021== ERROR SUMMARY: 0 errors from 0 contexts (suppressed: 0 from 0)
--42021-- 
--42021-- used_suppression:     62 <Readline> readline.supp:2 suppressed: 204,167 bytes in 221 blocks
--42021-- used_suppression:      4 <Readline/AddHistory> readline.supp:10 suppressed: 4,059 bytes in 4 blocks
==42021== 
==42021== ERROR SUMMARY: 0 errors from 0 contexts (suppressed: 0 from 0)
