==66896== Memcheck, a memory error detector
==66896== Copyright (C) 2002-2017, and GNU GPL'd, by Julian Seward et al.
==66896== Using Valgrind-3.18.1 and LibVEX; rerun with -h for copyright info
==66896== Command: ./minishell
==66896== Parent PID: 66895
==66896== 
==66896== 
==66896== HEAP SUMMARY:
==66896==     in use at exit: 208,271 bytes in 228 blocks
==66896==   total heap usage: 733 allocs, 505 frees, 236,064 bytes allocated
==66896== 
==66896== LEAK SUMMARY:
==66896==    definitely lost: 0 bytes in 0 blocks
==66896==    indirectly lost: 0 bytes in 0 blocks
==66896==      possibly lost: 0 bytes in 0 blocks
==66896==    still reachable: 0 bytes in 0 blocks
==66896==         suppressed: 208,271 bytes in 228 blocks
==66896== 
==66896== ERROR SUMMARY: 0 errors from 0 contexts (suppressed: 0 from 0)
--66896-- 
--66896-- used_suppression:     62 <Readline> readline.supp:2 suppressed: 204,167 bytes in 221 blocks
--66896-- used_suppression:      4 <Readline/AddHistory> readline.supp:10 suppressed: 4,104 bytes in 7 blocks
==66896== 
==66896== ERROR SUMMARY: 0 errors from 0 contexts (suppressed: 0 from 0)
