==26494== Memcheck, a memory error detector
==26494== Copyright (C) 2002-2017, and GNU GPL'd, by Julian Seward et al.
==26494== Using Valgrind-3.18.1 and LibVEX; rerun with -h for copyright info
==26494== Command: ./minishell
==26494== Parent PID: 26493
==26494== 
==26567== 
==26567== HEAP SUMMARY:
==26567==     in use at exit: 213,152 bytes in 307 blocks
==26567==   total heap usage: 774 allocs, 467 frees, 240,358 bytes allocated
==26567== 
==26567== 656 bytes in 1 blocks are still reachable in loss record 28 of 68
==26567==    at 0x4848899: malloc (in /usr/libexec/valgrind/vgpreload_memcheck-amd64-linux.so)
==26567==    by 0x407C3E: ft_calloc (ft_calloc.c:22)
==26567==    by 0x405CC1: env_to_arr (exe_utils.c:39)
==26567==    by 0x406EFD: run_external (run_external.c:27)
==26567==    by 0x405B24: run_cmd (executor.c:44)
==26567==    by 0x405955: run_ast (executor.c:29)
==26567==    by 0x4058DC: executor (executor.c:17)
==26567==    by 0x407630: process_line (rewrite_main.c:90)
==26567==    by 0x40756F: shell_loop (rewrite_main.c:74)
==26567==    by 0x4074AC: run_shell (rewrite_main.c:54)
==26567==    by 0x40745B: main (rewrite_main.c:40)
==26567== 
==26567== 4,271 bytes in 81 blocks are still reachable in loss record 54 of 68
==26567==    at 0x4848899: malloc (in /usr/libexec/valgrind/vgpreload_memcheck-amd64-linux.so)
==26567==    by 0x407C3E: ft_calloc (ft_calloc.c:22)
==26567==    by 0x405DEC: to_str (exe_utils.c:21)
==26567==    by 0x405D1A: env_to_arr (exe_utils.c:49)
==26567==    by 0x406EFD: run_external (run_external.c:27)
==26567==    by 0x405B24: run_cmd (executor.c:44)
==26567==    by 0x405955: run_ast (executor.c:29)
==26567==    by 0x4058DC: executor (executor.c:17)
==26567==    by 0x407630: process_line (rewrite_main.c:90)
==26567==    by 0x40756F: shell_loop (rewrite_main.c:74)
==26567==    by 0x4074AC: run_shell (rewrite_main.c:54)
==26567==    by 0x40745B: main (rewrite_main.c:40)
==26567== 
==26567== LEAK SUMMARY:
==26567==    definitely lost: 0 bytes in 0 blocks
==26567==    indirectly lost: 0 bytes in 0 blocks
==26567==      possibly lost: 0 bytes in 0 blocks
==26567==    still reachable: 4,927 bytes in 82 blocks
==26567==         suppressed: 208,225 bytes in 225 blocks
==26567== 
==26567== ERROR SUMMARY: 0 errors from 0 contexts (suppressed: 0 from 0)
--26567-- 
--26567-- used_suppression:     62 <Readline> readline.supp:2 suppressed: 204,167 bytes in 221 blocks
--26567-- used_suppression:      4 <Readline/AddHistory> readline.supp:10 suppressed: 4,058 bytes in 4 blocks
==26567== 
==26567== ERROR SUMMARY: 0 errors from 0 contexts (suppressed: 0 from 0)
==26494== 
==26494== HEAP SUMMARY:
==26494==     in use at exit: 208,225 bytes in 225 blocks
==26494==   total heap usage: 697 allocs, 472 frees, 235,487 bytes allocated
==26494== 
==26494== LEAK SUMMARY:
==26494==    definitely lost: 0 bytes in 0 blocks
==26494==    indirectly lost: 0 bytes in 0 blocks
==26494==      possibly lost: 0 bytes in 0 blocks
==26494==    still reachable: 0 bytes in 0 blocks
==26494==         suppressed: 208,225 bytes in 225 blocks
==26494== 
==26494== ERROR SUMMARY: 0 errors from 0 contexts (suppressed: 0 from 0)
--26494-- 
--26494-- used_suppression:     62 <Readline> readline.supp:2 suppressed: 204,167 bytes in 221 blocks
--26494-- used_suppression:      4 <Readline/AddHistory> readline.supp:10 suppressed: 4,058 bytes in 4 blocks
==26494== 
==26494== ERROR SUMMARY: 0 errors from 0 contexts (suppressed: 0 from 0)
