==39388== Memcheck, a memory error detector
==39388== Copyright (C) 2002-2017, and GNU GPL'd, by Julian Seward et al.
==39388== Using Valgrind-3.18.1 and LibVEX; rerun with -h for copyright info
==39388== Command: ./minishell
==39388== Parent PID: 39387
==39388== 
==39409== 
==39409== HEAP SUMMARY:
==39409==     in use at exit: 208,225 bytes in 225 blocks
==39409==   total heap usage: 779 allocs, 554 frees, 246,989 bytes allocated
==39409== 
==39409== LEAK SUMMARY:
==39409==    definitely lost: 0 bytes in 0 blocks
==39409==    indirectly lost: 0 bytes in 0 blocks
==39409==      possibly lost: 0 bytes in 0 blocks
==39409==    still reachable: 0 bytes in 0 blocks
==39409==         suppressed: 208,225 bytes in 225 blocks
==39409== 
==39409== ERROR SUMMARY: 0 errors from 0 contexts (suppressed: 0 from 0)
--39409-- 
--39409-- used_suppression:     62 <Readline> readline.supp:2 suppressed: 204,167 bytes in 221 blocks
--39409-- used_suppression:      4 <Readline/AddHistory> readline.supp:10 suppressed: 4,058 bytes in 4 blocks
==39409== 
==39409== ERROR SUMMARY: 0 errors from 0 contexts (suppressed: 0 from 0)
==39427== 
==39427== HEAP SUMMARY:
==39427==     in use at exit: 208,268 bytes in 228 blocks
==39427==   total heap usage: 814 allocs, 586 frees, 247,634 bytes allocated
==39427== 
==39427== LEAK SUMMARY:
==39427==    definitely lost: 0 bytes in 0 blocks
==39427==    indirectly lost: 0 bytes in 0 blocks
==39427==      possibly lost: 0 bytes in 0 blocks
==39427==    still reachable: 0 bytes in 0 blocks
==39427==         suppressed: 208,268 bytes in 228 blocks
==39427== 
==39427== ERROR SUMMARY: 0 errors from 0 contexts (suppressed: 0 from 0)
--39427-- 
--39427-- used_suppression:     62 <Readline> readline.supp:2 suppressed: 204,167 bytes in 221 blocks
--39427-- used_suppression:      4 <Readline/AddHistory> readline.supp:10 suppressed: 4,101 bytes in 7 blocks
==39427== 
==39427== ERROR SUMMARY: 0 errors from 0 contexts (suppressed: 0 from 0)
==39388== 
==39388== HEAP SUMMARY:
==39388==     in use at exit: 208,268 bytes in 228 blocks
==39388==   total heap usage: 725 allocs, 497 frees, 242,547 bytes allocated
==39388== 
==39388== LEAK SUMMARY:
==39388==    definitely lost: 0 bytes in 0 blocks
==39388==    indirectly lost: 0 bytes in 0 blocks
==39388==      possibly lost: 0 bytes in 0 blocks
==39388==    still reachable: 0 bytes in 0 blocks
==39388==         suppressed: 208,268 bytes in 228 blocks
==39388== 
==39388== ERROR SUMMARY: 0 errors from 0 contexts (suppressed: 0 from 0)
--39388-- 
--39388-- used_suppression:     62 <Readline> readline.supp:2 suppressed: 204,167 bytes in 221 blocks
--39388-- used_suppression:      4 <Readline/AddHistory> readline.supp:10 suppressed: 4,101 bytes in 7 blocks
==39388== 
==39388== ERROR SUMMARY: 0 errors from 0 contexts (suppressed: 0 from 0)
