==38315== Memcheck, a memory error detector
==38315== Copyright (C) 2002-2017, and GNU GPL'd, by Julian Seward et al.
==38315== Using Valgrind-3.18.1 and LibVEX; rerun with -h for copyright info
==38315== Command: ./minishell
==38315== Parent PID: 38314
==38315== 
==39441== 
==39441== HEAP SUMMARY:
==39441==     in use at exit: 208,275 bytes in 228 blocks
==39441==   total heap usage: 822 allocs, 594 frees, 248,882 bytes allocated
==39441== 
==39441== LEAK SUMMARY:
==39441==    definitely lost: 0 bytes in 0 blocks
==39441==    indirectly lost: 0 bytes in 0 blocks
==39441==      possibly lost: 0 bytes in 0 blocks
==39441==    still reachable: 0 bytes in 0 blocks
==39441==         suppressed: 208,275 bytes in 228 blocks
==39441== 
==39441== ERROR SUMMARY: 0 errors from 0 contexts (suppressed: 0 from 0)
--39441-- 
--39441-- used_suppression:     62 <Readline> readline.supp:2 suppressed: 204,167 bytes in 221 blocks
--39441-- used_suppression:      4 <Readline/AddHistory> readline.supp:10 suppressed: 4,108 bytes in 7 blocks
==39441== 
==39441== ERROR SUMMARY: 0 errors from 0 contexts (suppressed: 0 from 0)
==39617== 
==39617== HEAP SUMMARY:
==39617==     in use at exit: 208,323 bytes in 231 blocks
==39617==   total heap usage: 866 allocs, 635 frees, 283,958 bytes allocated
==39617== 
==39617== LEAK SUMMARY:
==39617==    definitely lost: 0 bytes in 0 blocks
==39617==    indirectly lost: 0 bytes in 0 blocks
==39617==      possibly lost: 0 bytes in 0 blocks
==39617==    still reachable: 0 bytes in 0 blocks
==39617==         suppressed: 208,323 bytes in 231 blocks
==39617== 
==39617== ERROR SUMMARY: 0 errors from 0 contexts (suppressed: 0 from 0)
--39617-- 
--39617-- used_suppression:     62 <Readline> readline.supp:2 suppressed: 204,167 bytes in 221 blocks
--39617-- used_suppression:      4 <Readline/AddHistory> readline.supp:10 suppressed: 4,156 bytes in 10 blocks
==39617== 
==39617== ERROR SUMMARY: 0 errors from 0 contexts (suppressed: 0 from 0)
==38315== 
==38315== HEAP SUMMARY:
==38315==     in use at exit: 208,323 bytes in 231 blocks
==38315==   total heap usage: 786 allocs, 555 frees, 276,300 bytes allocated
==38315== 
==38315== LEAK SUMMARY:
==38315==    definitely lost: 0 bytes in 0 blocks
==38315==    indirectly lost: 0 bytes in 0 blocks
==38315==      possibly lost: 0 bytes in 0 blocks
==38315==    still reachable: 0 bytes in 0 blocks
==38315==         suppressed: 208,323 bytes in 231 blocks
==38315== 
==38315== ERROR SUMMARY: 0 errors from 0 contexts (suppressed: 0 from 0)
--38315-- 
--38315-- used_suppression:     62 <Readline> readline.supp:2 suppressed: 204,167 bytes in 221 blocks
--38315-- used_suppression:      4 <Readline/AddHistory> readline.supp:10 suppressed: 4,156 bytes in 10 blocks
==38315== 
==38315== ERROR SUMMARY: 0 errors from 0 contexts (suppressed: 0 from 0)
