==37361== Memcheck, a memory error detector
==37361== Copyright (C) 2002-2017, and GNU GPL'd, by Julian Seward et al.
==37361== Using Valgrind-3.18.1 and LibVEX; rerun with -h for copyright info
==37361== Command: ./minishell
==37361== Parent PID: 37360
==37361== 
==37379== 
==37379== HEAP SUMMARY:
==37379==     in use at exit: 208,226 bytes in 225 blocks
==37379==   total heap usage: 776 allocs, 551 frees, 241,860 bytes allocated
==37379== 
==37379== LEAK SUMMARY:
==37379==    definitely lost: 0 bytes in 0 blocks
==37379==    indirectly lost: 0 bytes in 0 blocks
==37379==      possibly lost: 0 bytes in 0 blocks
==37379==    still reachable: 0 bytes in 0 blocks
==37379==         suppressed: 208,226 bytes in 225 blocks
==37379== 
==37379== ERROR SUMMARY: 0 errors from 0 contexts (suppressed: 0 from 0)
--37379-- 
--37379-- used_suppression:     62 <Readline> readline.supp:2 suppressed: 204,167 bytes in 221 blocks
--37379-- used_suppression:      4 <Readline/AddHistory> readline.supp:10 suppressed: 4,059 bytes in 4 blocks
==37379== 
==37379== ERROR SUMMARY: 0 errors from 0 contexts (suppressed: 0 from 0)
==37558== 
==37558== HEAP SUMMARY:
==37558==     in use at exit: 208,312 bytes in 231 blocks
==37558==   total heap usage: 830 allocs, 599 frees, 241,277 bytes allocated
==37558== 
==37558== LEAK SUMMARY:
==37558==    definitely lost: 0 bytes in 0 blocks
==37558==    indirectly lost: 0 bytes in 0 blocks
==37558==      possibly lost: 0 bytes in 0 blocks
==37558==    still reachable: 0 bytes in 0 blocks
==37558==         suppressed: 208,312 bytes in 231 blocks
==37558== 
==37558== ERROR SUMMARY: 0 errors from 0 contexts (suppressed: 0 from 0)
--37558-- 
--37558-- used_suppression:     62 <Readline> readline.supp:2 suppressed: 204,167 bytes in 221 blocks
--37558-- used_suppression:      4 <Readline/AddHistory> readline.supp:10 suppressed: 4,145 bytes in 10 blocks
==37558== 
==37558== ERROR SUMMARY: 0 errors from 0 contexts (suppressed: 0 from 0)
==37651== 
==37651== HEAP SUMMARY:
==37651==     in use at exit: 208,404 bytes in 237 blocks
==37651==   total heap usage: 919 allocs, 682 frees, 277,060 bytes allocated
==37651== 
==37651== LEAK SUMMARY:
==37651==    definitely lost: 0 bytes in 0 blocks
==37651==    indirectly lost: 0 bytes in 0 blocks
==37651==      possibly lost: 0 bytes in 0 blocks
==37651==    still reachable: 0 bytes in 0 blocks
==37651==         suppressed: 208,404 bytes in 237 blocks
==37651== 
==37651== ERROR SUMMARY: 0 errors from 0 contexts (suppressed: 0 from 0)
--37651-- 
--37651-- used_suppression:     62 <Readline> readline.supp:2 suppressed: 204,167 bytes in 221 blocks
--37651-- used_suppression:      4 <Readline/AddHistory> readline.supp:10 suppressed: 4,237 bytes in 16 blocks
==37651== 
==37651== ERROR SUMMARY: 0 errors from 0 contexts (suppressed: 0 from 0)
==37832== 
==37832== HEAP SUMMARY:
==37832==     in use at exit: 208,751 bytes in 246 blocks
==37832==   total heap usage: 990 allocs, 744 frees, 277,008 bytes allocated
==37832== 
==37832== LEAK SUMMARY:
==37832==    definitely lost: 0 bytes in 0 blocks
==37832==    indirectly lost: 0 bytes in 0 blocks
==37832==      possibly lost: 0 bytes in 0 blocks
==37832==    still reachable: 0 bytes in 0 blocks
==37832==         suppressed: 208,751 bytes in 246 blocks
==37832== 
==37832== ERROR SUMMARY: 0 errors from 0 contexts (suppressed: 0 from 0)
--37832-- 
--37832-- used_suppression:     65 <Readline> readline.supp:2 suppressed: 204,424 bytes in 224 blocks
--37832-- used_suppression:      4 <Readline/AddHistory> readline.supp:10 suppressed: 4,327 bytes in 22 blocks
==37832== 
==37832== ERROR SUMMARY: 0 errors from 0 contexts (suppressed: 0 from 0)
==37361== 
==37361== HEAP SUMMARY:
==37361==     in use at exit: 208,795 bytes in 249 blocks
==37361==   total heap usage: 935 allocs, 686 frees, 272,404 bytes allocated
==37361== 
==37361== LEAK SUMMARY:
==37361==    definitely lost: 0 bytes in 0 blocks
==37361==    indirectly lost: 0 bytes in 0 blocks
==37361==      possibly lost: 0 bytes in 0 blocks
==37361==    still reachable: 0 bytes in 0 blocks
==37361==         suppressed: 208,795 bytes in 249 blocks
==37361== 
==37361== ERROR SUMMARY: 0 errors from 0 contexts (suppressed: 0 from 0)
--37361-- 
--37361-- used_suppression:     65 <Readline> readline.supp:2 suppressed: 204,424 bytes in 224 blocks
--37361-- used_suppression:      4 <Readline/AddHistory> readline.supp:10 suppressed: 4,371 bytes in 25 blocks
==37361== 
==37361== ERROR SUMMARY: 0 errors from 0 contexts (suppressed: 0 from 0)
