==51299== Memcheck, a memory error detector
==51299== Copyright (C) 2002-2017, and GNU GPL'd, by Julian Seward et al.
==51299== Using Valgrind-3.18.1 and LibVEX; rerun with -h for copyright info
==51299== Command: ./minishell
==51299== Parent PID: 51298
==51299== 
==51299== 
==51299== HEAP SUMMARY:
==51299==     in use at exit: 208,230 bytes in 225 blocks
==51299==   total heap usage: 712 allocs, 487 frees, 235,853 bytes allocated
==51299== 
==51299== LEAK SUMMARY:
==51299==    definitely lost: 0 bytes in 0 blocks
==51299==    indirectly lost: 0 bytes in 0 blocks
==51299==      possibly lost: 0 bytes in 0 blocks
==51299==    still reachable: 0 bytes in 0 blocks
==51299==         suppressed: 208,230 bytes in 225 blocks
==51299== 
==51299== ERROR SUMMARY: 0 errors from 0 contexts (suppressed: 0 from 0)
--51299-- 
--51299-- used_suppression:     62 <Readline> readline.supp:2 suppressed: 204,167 bytes in 221 blocks
--51299-- used_suppression:      4 <Readline/AddHistory> readline.supp:10 suppressed: 4,063 bytes in 4 blocks
==51299== 
==51299== ERROR SUMMARY: 0 errors from 0 contexts (suppressed: 0 from 0)
